<?xml version="1.0" encoding="UTF-8"?>
<testsuite name="com.bcp.bootcamp.sample.SampleApplicationTests" tests="1" skipped="0" failures="0" errors="0" timestamp="2021-04-12T21:33:05" hostname="Alfredos-MacBook-Pro.local" time="0.607">
  <properties/>
  <testcase name="contextLoads()" classname="com.bcp.bootcamp.sample.SampleApplicationTests" time="0.607"/>
  <system-out><![CDATA[16:33:03.580 [Test worker] DEBUG org.springframework.test.context.BootstrapUtils - Instantiating CacheAwareContextLoaderDelegate from class [org.springframework.test.context.cache.DefaultCacheAwareContextLoaderDelegate]
16:33:03.607 [Test worker] DEBUG org.springframework.test.context.BootstrapUtils - Instantiating BootstrapContext using constructor [public org.springframework.test.context.support.DefaultBootstrapContext(java.lang.Class,org.springframework.test.context.CacheAwareContextLoaderDelegate)]
16:33:03.662 [Test worker] DEBUG org.springframework.test.context.BootstrapUtils - Instantiating TestContextBootstrapper for test class [com.bcp.bootcamp.sample.SampleApplicationTests] from class [org.springframework.boot.test.context.SpringBootTestContextBootstrapper]
16:33:03.677 [Test worker] INFO org.springframework.boot.test.context.SpringBootTestContextBootstrapper - Neither @ContextConfiguration nor @ContextHierarchy found for test class [com.bcp.bootcamp.sample.SampleApplicationTests], using SpringBootContextLoader
16:33:03.682 [Test worker] DEBUG org.springframework.test.context.support.AbstractContextLoader - Did not detect default resource location for test class [com.bcp.bootcamp.sample.SampleApplicationTests]: class path resource [com/bcp/bootcamp/sample/SampleApplicationTests-context.xml] does not exist
16:33:03.682 [Test worker] DEBUG org.springframework.test.context.support.AbstractContextLoader - Did not detect default resource location for test class [com.bcp.bootcamp.sample.SampleApplicationTests]: class path resource [com/bcp/bootcamp/sample/SampleApplicationTestsContext.groovy] does not exist
16:33:03.683 [Test worker] INFO org.springframework.test.context.support.AbstractContextLoader - Could not detect default resource locations for test class [com.bcp.bootcamp.sample.SampleApplicationTests]: no resource found for suffixes {-context.xml, Context.groovy}.
16:33:03.684 [Test worker] INFO org.springframework.test.context.support.AnnotationConfigContextLoaderUtils - Could not detect default configuration classes for test class [com.bcp.bootcamp.sample.SampleApplicationTests]: SampleApplicationTests does not declare any static, non-private, non-final, nested classes annotated with @Configuration.
16:33:03.744 [Test worker] DEBUG org.springframework.test.context.support.ActiveProfilesUtils - Could not find an 'annotation declaring class' for annotation type [org.springframework.test.context.ActiveProfiles] and class [com.bcp.bootcamp.sample.SampleApplicationTests]
16:33:03.809 [Test worker] DEBUG org.springframework.context.annotation.ClassPathScanningCandidateComponentProvider - Identified candidate component class: file [/Users/alfredobenaute/bootcamp-abril/bcp-bootcamp-reactive-samples/build/classes/java/main/com/bcp/bootcamp/sample/SampleApplication.class]
16:33:03.810 [Test worker] INFO org.springframework.boot.test.context.SpringBootTestContextBootstrapper - Found @SpringBootConfiguration com.bcp.bootcamp.sample.SampleApplication for test class com.bcp.bootcamp.sample.SampleApplicationTests
16:33:03.926 [Test worker] DEBUG org.springframework.boot.test.context.SpringBootTestContextBootstrapper - @TestExecutionListeners is not present for class [com.bcp.bootcamp.sample.SampleApplicationTests]: using defaults.
16:33:03.926 [Test worker] INFO org.springframework.boot.test.context.SpringBootTestContextBootstrapper - Loaded default TestExecutionListener class names from location [META-INF/spring.factories]: [org.springframework.boot.test.autoconfigure.restdocs.RestDocsTestExecutionListener, org.springframework.boot.test.autoconfigure.web.client.MockRestServiceServerResetTestExecutionListener, org.springframework.boot.test.autoconfigure.web.servlet.MockMvcPrintOnlyOnFailureTestExecutionListener, org.springframework.boot.test.autoconfigure.web.servlet.WebDriverTestExecutionListener, org.springframework.boot.test.autoconfigure.webservices.client.MockWebServiceServerTestExecutionListener, org.springframework.boot.test.mock.mockito.MockitoTestExecutionListener, org.springframework.boot.test.mock.mockito.ResetMocksTestExecutionListener, org.springframework.test.context.web.ServletTestExecutionListener, org.springframework.test.context.support.DirtiesContextBeforeModesTestExecutionListener, org.springframework.test.context.event.ApplicationEventsTestExecutionListener, org.springframework.test.context.support.DependencyInjectionTestExecutionListener, org.springframework.test.context.support.DirtiesContextTestExecutionListener, org.springframework.test.context.transaction.TransactionalTestExecutionListener, org.springframework.test.context.jdbc.SqlScriptsTestExecutionListener, org.springframework.test.context.event.EventPublishingTestExecutionListener]
16:33:03.938 [Test worker] DEBUG org.springframework.boot.test.context.SpringBootTestContextBootstrapper - Skipping candidate TestExecutionListener [org.springframework.test.context.web.ServletTestExecutionListener] due to a missing dependency. Specify custom listener classes or make the default listener classes and their required dependencies available. Offending class: [javax/servlet/ServletContext]
16:33:03.940 [Test worker] DEBUG org.springframework.boot.test.context.SpringBootTestContextBootstrapper - Skipping candidate TestExecutionListener [org.springframework.test.context.transaction.TransactionalTestExecutionListener] due to a missing dependency. Specify custom listener classes or make the default listener classes and their required dependencies available. Offending class: [org/springframework/transaction/interceptor/TransactionAttributeSource]
16:33:03.941 [Test worker] DEBUG org.springframework.boot.test.context.SpringBootTestContextBootstrapper - Skipping candidate TestExecutionListener [org.springframework.test.context.jdbc.SqlScriptsTestExecutionListener] due to a missing dependency. Specify custom listener classes or make the default listener classes and their required dependencies available. Offending class: [org/springframework/transaction/interceptor/TransactionAttribute]
16:33:03.942 [Test worker] INFO org.springframework.boot.test.context.SpringBootTestContextBootstrapper - Using TestExecutionListeners: [org.springframework.test.context.support.DirtiesContextBeforeModesTestExecutionListener@1dc0fefc, org.springframework.test.context.event.ApplicationEventsTestExecutionListener@19ef46de, org.springframework.boot.test.mock.mockito.MockitoTestExecutionListener@40d2b71e, org.springframework.boot.test.autoconfigure.SpringBootDependencyInjectionTestExecutionListener@2cd1226b, org.springframework.test.context.support.DirtiesContextTestExecutionListener@367c1e13, org.springframework.test.context.event.EventPublishingTestExecutionListener@554677b4, org.springframework.boot.test.autoconfigure.restdocs.RestDocsTestExecutionListener@f94045, org.springframework.boot.test.autoconfigure.web.client.MockRestServiceServerResetTestExecutionListener@251ef84b, org.springframework.boot.test.autoconfigure.web.servlet.MockMvcPrintOnlyOnFailureTestExecutionListener@7344f67d, org.springframework.boot.test.autoconfigure.web.servlet.WebDriverTestExecutionListener@1559c476, org.springframework.boot.test.autoconfigure.webservices.client.MockWebServiceServerTestExecutionListener@5f6855f0, org.springframework.boot.test.mock.mockito.ResetMocksTestExecutionListener@d6632f6]
16:33:03.946 [Test worker] DEBUG org.springframework.test.context.support.AbstractDirtiesContextTestExecutionListener - Before test class: context [DefaultTestContext@1d70126 testClass = SampleApplicationTests, testInstance = [null], testMethod = [null], testException = [null], mergedContextConfiguration = [MergedContextConfiguration@1d8f00ea testClass = SampleApplicationTests, locations = '{}', classes = '{class com.bcp.bootcamp.sample.SampleApplication}', contextInitializerClasses = '[]', activeProfiles = '{}', propertySourceLocations = '{}', propertySourceProperties = '{org.springframework.boot.test.context.SpringBootTestContextBootstrapper=true}', contextCustomizers = set[org.springframework.boot.test.autoconfigure.actuate.metrics.MetricsExportContextCustomizerFactory$DisableMetricExportContextCustomizer@458f60a4, org.springframework.boot.test.autoconfigure.properties.PropertyMappingContextCustomizer@0, org.springframework.boot.test.autoconfigure.web.servlet.WebDriverContextCustomizerFactory$Customizer@68b75188, org.springframework.boot.test.context.filter.ExcludeFilterContextCustomizer@39d2d587, org.springframework.boot.test.json.DuplicateJsonObjectContextCustomizerFactory$DuplicateJsonObjectContextCustomizer@6625678e, org.springframework.boot.test.mock.mockito.MockitoContextCustomizer@0, org.springframework.boot.test.web.client.TestRestTemplateContextCustomizer@51018693, org.springframework.boot.test.context.SpringBootTestArgs@1, org.springframework.boot.test.context.SpringBootTestWebEnvironment@13c7026a], contextLoader = 'org.springframework.boot.test.context.SpringBootContextLoader', parent = [null]], attributes = map[[empty]]], class annotated with @DirtiesContext [false] with mode [null].
16:33:03.961 [Test worker] DEBUG org.springframework.test.context.support.DependencyInjectionTestExecutionListener - Performing dependency injection for test context [[DefaultTestContext@1d70126 testClass = SampleApplicationTests, testInstance = com.bcp.bootcamp.sample.SampleApplicationTests@719e7271, testMethod = [null], testException = [null], mergedContextConfiguration = [MergedContextConfiguration@1d8f00ea testClass = SampleApplicationTests, locations = '{}', classes = '{class com.bcp.bootcamp.sample.SampleApplication}', contextInitializerClasses = '[]', activeProfiles = '{}', propertySourceLocations = '{}', propertySourceProperties = '{org.springframework.boot.test.context.SpringBootTestContextBootstrapper=true}', contextCustomizers = set[org.springframework.boot.test.autoconfigure.actuate.metrics.MetricsExportContextCustomizerFactory$DisableMetricExportContextCustomizer@458f60a4, org.springframework.boot.test.autoconfigure.properties.PropertyMappingContextCustomizer@0, org.springframework.boot.test.autoconfigure.web.servlet.WebDriverContextCustomizerFactory$Customizer@68b75188, org.springframework.boot.test.context.filter.ExcludeFilterContextCustomizer@39d2d587, org.springframework.boot.test.json.DuplicateJsonObjectContextCustomizerFactory$DuplicateJsonObjectContextCustomizer@6625678e, org.springframework.boot.test.mock.mockito.MockitoContextCustomizer@0, org.springframework.boot.test.web.client.TestRestTemplateContextCustomizer@51018693, org.springframework.boot.test.context.SpringBootTestArgs@1, org.springframework.boot.test.context.SpringBootTestWebEnvironment@13c7026a], contextLoader = 'org.springframework.boot.test.context.SpringBootContextLoader', parent = [null]], attributes = map['org.springframework.test.context.event.ApplicationEventsTestExecutionListener.recordApplicationEvents' -> false]]].
16:33:03.988 [Test worker] DEBUG org.springframework.test.context.support.TestPropertySourceUtils - Adding inlined properties to environment: {spring.jmx.enabled=false, org.springframework.boot.test.context.SpringBootTestContextBootstrapper=true}

  .   ____          _            __ _ _
 /\\ / ___'_ __ _ _(_)_ __  __ _ \ \ \ \
( ( )\___ | '_ | '_| | '_ \/ _` | \ \ \ \
 \\/  ___)| |_)| | | | | || (_| |  ) ) ) )
  '  |____| .__|_| |_|_| |_\__, | / / / /
 =========|_|==============|___/=/_/_/_/
 :: Spring Boot ::                (v2.4.4)

2021-04-12 16:33:04.489  INFO 87290 --- [    Test worker] c.b.b.sample.SampleApplicationTests      : Starting SampleApplicationTests using Java 13.0.1 on Alfredos-MacBook-Pro.local with PID 87290 (started by alfredobenaute in /Users/alfredobenaute/bootcamp-abril/bcp-bootcamp-reactive-samples)
2021-04-12 16:33:04.491  INFO 87290 --- [    Test worker] c.b.b.sample.SampleApplicationTests      : No active profile set, falling back to default profiles: default
2021-04-12 16:33:05.110  INFO 87290 --- [    Test worker] c.b.b.sample.SampleApplicationTests      : Started SampleApplicationTests in 1.118 seconds (JVM running for 2.821)
]]></system-out>
  <system-err><![CDATA[]]></system-err>
</testsuite>
